make all --print-data-base --no-builtin-variables --no-builtin-rules --question
make: *** No rule to make target 'all'.  Stop.

# GNU Make 4.2.1
# Built for x86_64-pc-linux-gnu
# Copyright (C) 1988-2016 Free Software Foundation, Inc.
# License GPLv3+: GNU GPL version 3 or later <http://gnu.org/licenses/gpl.html>
# This is free software: you are free to change and redistribute it.
# There is NO WARRANTY, to the extent permitted by law.

# Make data base, printed on Wed Aug 10 14:35:23 2022

# Variables

# automatic
<D = $(patsubst %/,%,$(dir $<))
# automatic
?F = $(notdir $?)
# environment
DESKTOP_SESSION = ubuntu
# default
.SHELLFLAGS := -c
# environment
XDG_SESSION_CLASS = user
# environment
SNAP_COMMON = /var/snap/code/common
# environment
XDG_SESSION_TYPE = x11
# environment
NVM_INC = /home/carlos.amaral@db1.com.br/.nvm/versions/node/v16.16.0/include/node
# automatic
?D = $(patsubst %/,%,$(dir $?))
# environment
IM_CONFIG_PHASE = 1
# automatic
@D = $(patsubst %/,%,$(dir $@))
# environment
XAUTHORITY = /home/carlos.amaral@db1.com.br/.Xauthority
# environment
GDMSESSION = ubuntu
# environment
XMODIFIERS = @im=ibus
# makefile
CURDIR := /home/carlos.amaral@db1.com.br/Documents/github/personal/apply-project-senai
# makefile
SHELL = /bin/sh
# environment
MKCERT_CLi = /home/carlos.amaral@db1.com.br/.local/mkcert-cli
# environment
SNAP_DATA = /var/snap/code/103
# environment
GDM_LANG = en
# environment
VSCODE_NLS_CONFIG = {"locale":"en-us","availableLanguages":{},"_languagePackSupport":true}
# environment
JOURNAL_STREAM = 9:87519
# environment
XDG_CONFIG_DIRS = /etc/xdg/xdg-ubuntu:/etc/xdg
# environment
SNAP_INSTANCE_NAME = code
# environment
SNAP_ARCH = amd64
# environment
GVM_ROOT = /home/carlos.amaral@db1.com.br/.gvm
# makefile
MAKEFILE_LIST := 
# automatic
@F = $(notdir $@)
# environment
GIO_LAUNCHED_DESKTOP_FILE = /var/lib/snapd/desktop/applications/code_code.desktop
# 'override' directive
GNUMAKEFLAGS := 
# environment
XDG_DATA_DIRS = /usr/share/ubuntu:/usr/local/share:/usr/share:/var/lib/snapd/desktop
# environment
DBUS_SESSION_BUS_ADDRESS = unix:path=/run/user/680677324/bus
# environment
_ = /snap/code/103/usr/share/code/code
# environment
MANAGERPID = 6656
# environment
GVM_PATH_BACKUP = /home/carlos.amaral@db1.com.br/.gvm/bin:/home/carlos.amaral@db1.com.br/.local/bin:/usr/local/sbin:/usr/local/bin:/usr/sbin:/usr/bin:/sbin:/bin:/usr/games:/usr/local/games:/snap/bin:/home/carlos.amaral@db1.com.br/.local/bin:/home/carlos.amaral@db1.com.br/.local/aws-cli/v2/2.5.6/bin:/home/carlos.amaral@db1.com.br/.local/protoc-gen-go-cli:/home/carlos.amaral@db1.com.br/.local/mkcert-cli:/home/carlos.amaral@db1.com.br/.local/google-cloud-sdk/bin:
# environment
LESSOPEN = | /usr/bin/lesspipe %s
# environment
VSCODE_CWD = /home/carlos.amaral@db1.com.br
# environment
XDG_SESSION_PATH = /org/freedesktop/DisplayManager/Session0
# environment
GSETTINGS_SCHEMA_DIR = /snap/code/103/usr/share/glib-2.0/schemas
# environment
KRB5CCNAME = FILE:/tmp/krb5cc_680677324_FwdeGc
# default
MAKE_HOST := x86_64-pc-linux-gnu
# environment
PATH = /home/carlos.amaral@db1.com.br/.local/bin:/home/carlos.amaral@db1.com.br/.nvm/versions/node/v16.16.0/bin:/home/carlos.amaral@db1.com.br/.gvm/bin:/home/carlos.amaral@db1.com.br/.local/bin:/usr/local/sbin:/usr/local/bin:/usr/sbin:/usr/bin:/sbin:/bin:/usr/games:/usr/local/games:/snap/bin:/home/carlos.amaral@db1.com.br/.local/bin:/home/carlos.amaral@db1.com.br/.local/aws-cli/v2/2.5.6/bin:/home/carlos.amaral@db1.com.br/.local/protoc-gen-go-cli:/home/carlos.amaral@db1.com.br/.local/mkcert-cli:/home/carlos.amaral@db1.com.br/.local/google-cloud-sdk/bin:
# environment
GPG_AGENT_INFO = /run/user/680677324/gnupg/S.gpg-agent:0:1
# environment
SESSION_MANAGER = local/MGA10456.db1.com.br:@/tmp/.ICE-unix/7063,unix/MGA10456.db1.com.br:/tmp/.ICE-unix/7063
# environment
XDG_RUNTIME_DIR = /run/user/680677324
# environment
GDK_PIXBUF_MODULE_FILE = /home/carlos.amaral@db1.com.br/snap/code/common/.cache/gdk-pixbuf-loaders.cache
# environment
SNAP = /snap/code/103
# environment
NVM_BIN = /home/carlos.amaral@db1.com.br/.nvm/versions/node/v16.16.0/bin
# environment
SNAP_VERSION = da76f933
# environment
XDG_MENU_PREFIX = gnome-
# environment
DISABLE_WAYLAND = 1
# environment
ELECTRON_RUN_AS_NODE = 1
# environment
INVOCATION_ID = 6cb1b1626a5c44d08fece73c588df2bb
# environment
GDK_PIXBUF_MODULEDIR = /snap/code/103/usr/lib/x86_64-linux-gnu/gdk-pixbuf-2.0/2.10.0/loaders
# default
.FEATURES := target-specific order-only second-expansion else-if shortest-stem undefine oneshell archives jobserver output-sync check-symlink load
# environment
XDG_GREETER_DATA_DIR = /var/lib/lightdm-data/carlos.amaral
# environment
LS_COLORS = 
# environment
XDG_SESSION_DESKTOP = ubuntu
# environment
SSH_AUTH_SOCK = /run/user/680677324/keyring/ssh
# environment
GIO_LAUNCHED_DESKTOP_FILE_PID = 205925
# automatic
%F = $(notdir $%)
# environment
DISPLAY = :0
# environment
GCLOUD = /home/carlos.amaral@db1.com.br/.local/google-cloud-sdk/bin
# environment
SNAP_INSTANCE_KEY = 
# environment
PWD = /home/carlos.amaral@db1.com.br/Documents/github/personal/apply-project-senai
# default
.LOADED := 
# environment
SSH_AGENT_PID = 6965
# environment
ORIGINAL_XDG_CURRENT_DESKTOP = ubuntu:GNOME
# environment
GTK_MODULES = gail:atk-bridge
# environment
MANPATH = /home/carlos.amaral@db1.com.br/.nvm/versions/node/v16.16.0/share/man:/usr/local/man:/usr/local/share/man:/usr/share/man:/opt/rudder/share/man:/opt/rudder/share/man
# environment
VSCODE_AMD_ENTRYPOINT = vs/workbench/api/node/extensionHostProcess
# environment
HOME = /home/carlos.amaral@db1.com.br
# environment
LESSCLOSE = /usr/bin/lesspipe %s %s
# environment
VSCODE_CLI = 1
# environment
VSCODE_CODE_CACHE_PATH = /home/carlos.amaral@db1.com.br/.config/Code/CachedData/da76f93349a72022ca4670c1b84860304616aaa2
# environment
LOGNAME = carlos.amaral
# environment
APPLICATION_INSIGHTS_NO_DIAGNOSTIC_CHANNEL = true
# environment
SNAP_LIBRARY_PATH = /var/lib/snapd/lib/gl:/var/lib/snapd/lib/gl32:/var/lib/snapd/void
# environment
SNAP_CONTEXT = PAs1rriXe4xpxTojqNnqVarwsmNgRBj88CjAjK52ZEsEOoV9tA3x
# environment
NVM_CD_FLAGS = 
# environment
ELECTRON_NO_ATTACH_CONSOLE = 1
# environment
SNAP_USER_COMMON = /home/carlos.amaral@db1.com.br/snap/code/common
# environment
VSCODE_HANDLES_UNCAUGHT_ERRORS = true
# environment
GNOME_DESKTOP_SESSION_ID = this-is-deprecated
# automatic
^D = $(patsubst %/,%,$(dir $^))
# environment
GVM_VERSION = 1.0.22
# environment
MAKELEVEL := 0
# environment
SNAP_REAL_HOME = /home/carlos.amaral@db1.com.br
# default
MAKE = $(MAKE_COMMAND)
# default
MAKECMDGOALS := all
# environment
QT_IM_MODULE = ibus
# environment
SNAP_USER_DATA = /home/carlos.amaral@db1.com.br/snap/code/103
# environment
SHLVL = 0
# environment
GNOME_SHELL_SESSION_MODE = ubuntu
# default
MAKE_VERSION := 4.2.1
# environment
USER = carlos.amaral
# environment
SNAP_REVISION = 103
# makefile
.DEFAULT_GOAL := 
# environment
AWS_CLI = /home/carlos.amaral@db1.com.br/.local/aws-cli/v2/2.5.6/bin
# environment
PATH_BIN = /home/carlos.amaral@db1.com.br/.local/bin
# environment
XDG_CURRENT_DESKTOP = Unity
# automatic
%D = $(patsubst %/,%,$(dir $%))
# environment
AVENUE_CLI = /home/carlos.amaral@db1.com.br/.local/aws-cli/
# default
MAKE_COMMAND := make
# default
.VARIABLES := 
# automatic
*F = $(notdir $*)
# environment
LANGUAGE = en
# environment
XDG_SEAT_PATH = /org/freedesktop/DisplayManager/Seat0
# environment
VSCODE_IPC_HOOK = /run/user/680677324/vscode-6dbe3c7d-1.70.0-main.sock
# environment
BAMF_DESKTOP_FILE_HINT = /var/lib/snapd/desktop/applications/code_code.desktop
# makefile
MAKEFLAGS = pqrR
# environment
MFLAGS = -pqrR
# automatic
*D = $(patsubst %/,%,$(dir $*))
# environment
NVM_DIR = /home/carlos.amaral@db1.com.br/.nvm
# automatic
+D = $(patsubst %/,%,$(dir $+))
# environment
GDK_BACKEND = x11
# automatic
+F = $(notdir $+)
# environment
QT_ACCESSIBILITY = 1
# default
MAKEFILES := 
# environment
SNAP_COOKIE = PAs1rriXe4xpxTojqNnqVarwsmNgRBj88CjAjK52ZEsEOoV9tA3x
# automatic
<F = $(notdir $<)
# environment
SNAP_NAME = code
# environment
LC_ALL = C
# environment
GJS_DEBUG_TOPICS = JS ERROR;JS LOG
# automatic
^F = $(notdir $^)
# default
SUFFIXES := 
# environment
SNAP_REEXEC = 
# environment
CHROME_DESKTOP = code-url-handler.desktop
# default
.INCLUDE_DIRS = /usr/include /usr/local/include /usr/include
# environment
GJS_DEBUG_OUTPUT = stderr
# default
.RECIPEPREFIX := 
# environment
PROTOC_GEN_GO_CLI = /home/carlos.amaral@db1.com.br/.local/protoc-gen-go-cli
# environment
LANG = C
# environment
VSCODE_PID = 205973
 
# variable set hash-table stats:
# Load=133/1024=13%, Rehash=0, Collisions=13/155=8%

# Pattern-specific Variable Values

# No pattern-specific variable values.

# Directories

# . (device 64769, inode 3543334): 10 files, no impossibilities.

# 10 files, no impossibilities in 1 directories.

# Implicit Rules

# No implicit rules.

# Files

# Not a target:
all:
#  Command line target.
#  Implicit rule search has been done.
#  File does not exist.
#  File has not been updated.

# Not a target:
Makefile:
#  Implicit rule search has been done.
#  File does not exist.
#  File has been updated.
#  Failed to be updated.

# Not a target:
makefile:
#  Implicit rule search has been done.
#  File does not exist.
#  File has been updated.
#  Failed to be updated.

# Not a target:
.DEFAULT:
#  Implicit rule search has not been done.
#  Modification time never checked.
#  File has not been updated.

# Not a target:
GNUmakefile:
#  Implicit rule search has been done.
#  File does not exist.
#  File has been updated.
#  Failed to be updated.

# files hash-table stats:
# Load=6/1024=1%, Rehash=0, Collisions=0/15=0%
# VPATH Search Paths

# No 'vpath' search paths.

# No general ('VPATH' variable) search path.

# strcache buffers: 1 (0) / strings = 18 / storage = 147 B / avg = 8 B
# current buf: size = 8162 B / used = 147 B / count = 18 / avg = 8 B

# strcache performance: lookups = 21 / hit rate = 14%
# hash-table stats:
# Load=18/8192=0%, Rehash=0, Collisions=1/21=5%
# Finished Make data base on Wed Aug 10 14:35:23 2022

 
